[debug] [2018-05-16T20:25:59.038Z] ----------------------------------------------------------------------
[debug] [2018-05-16T20:25:59.046Z] Command:       C:\Program Files\nodejs\node.exe C:\Users\Jose\AppData\Roaming\npm\node_modules\firebase-tools\bin\firebase deploy
[debug] [2018-05-16T20:25:59.046Z] CLI Version:   3.18.2
[debug] [2018-05-16T20:25:59.046Z] Platform:      win32
[debug] [2018-05-16T20:25:59.046Z] Node Version:  v7.8.0
[debug] [2018-05-16T20:25:59.046Z] Time:          Wed May 16 2018 16:25:59 GMT-0400 (Venezuela Standard Time)
[debug] [2018-05-16T20:25:59.046Z] ----------------------------------------------------------------------
[debug] 
[debug] [2018-05-16T20:25:59.056Z] > command requires scopes: ["email","openid","https://www.googleapis.com/auth/cloudplatformprojects.readonly","https://www.googleapis.com/auth/firebase","https://www.googleapis.com/auth/cloud-platform"]
[debug] [2018-05-16T20:25:59.056Z] > authorizing via signed-in user
[debug] [2018-05-16T20:25:59.058Z] > refreshing access token with scopes: ["email","https://www.googleapis.com/auth/cloud-platform","https://www.googleapis.com/auth/cloudplatformprojects.readonly","https://www.googleapis.com/auth/firebase","openid"]
[debug] [2018-05-16T20:25:59.058Z] >>> HTTP REQUEST POST https://www.googleapis.com/oauth2/v3/token  
 { refresh_token: '1/rM-9l6YXm60fVG8xGyFpwW4a2PRFasqf1rLrQhHDJBQ',
  client_id: '563584335869-fgrhgmd47bqnekij5i8b5pr03ho849e6.apps.googleusercontent.com',
  client_secret: 'j9iVZfS8kkCEFUPaAeJV0sAi',
  grant_type: 'refresh_token',
  scope: 'email https://www.googleapis.com/auth/cloud-platform https://www.googleapis.com/auth/cloudplatformprojects.readonly https://www.googleapis.com/auth/firebase openid' } 
 Wed May 16 2018 16:25:59 GMT-0400 (Venezuela Standard Time)
[debug] [2018-05-16T20:25:59.574Z] <<< HTTP RESPONSE 200
[debug] [2018-05-16T20:25:59.590Z] >>> HTTP REQUEST GET https://admin.firebase.com/v1/projects/tesis-unimetbot  
  
 Wed May 16 2018 16:25:59 GMT-0400 (Venezuela Standard Time)
[debug] [2018-05-16T20:26:00.313Z] <<< HTTP RESPONSE 200
[debug] [2018-05-16T20:26:00.313Z] >>> HTTP REQUEST GET https://admin.firebase.com/v1/database/tesis-unimetbot/tokens  
  
 Wed May 16 2018 16:26:00 GMT-0400 (Venezuela Standard Time)
[debug] [2018-05-16T20:26:01.006Z] <<< HTTP RESPONSE 200
[info] 
[info] === Deploying to 'tesis-unimetbot'...
[info] 
[info] i  deploying database, storage, firestore, functions, hosting
[info] Running command: npm --prefix "$RESOURCE_DIR" run lint
[info] +  functions: Finished running predeploy script.
[info] i  database: checking rules syntax...
[debug] [2018-05-16T20:26:06.547Z] >>> HTTP REQUEST PUT https://tesis-unimetbot.firebaseio.com/.settings/rules.json?dryRun=true  
 {
  "rules": {
    ".read": "auth != null",
    ".write": "auth != null"
  }
}
 
 Wed May 16 2018 16:26:06 GMT-0400 (Venezuela Standard Time)
[debug] [2018-05-16T20:26:07.400Z] <<< HTTP RESPONSE 200
[info] +  database: rules syntax for database tesis-unimetbot is valid
[debug] [2018-05-16T20:26:07.400Z] >>> HTTP REQUEST GET https://appengine.googleapis.com/v1/apps/tesis-unimetbot  
  
 Wed May 16 2018 16:26:07 GMT-0400 (Venezuela Standard Time)
[debug] [2018-05-16T20:26:08.170Z] <<< HTTP RESPONSE 200
[info] i  storage: checking storage.rules for compilation errors...
[debug] [2018-05-16T20:26:08.170Z] >>> HTTP REQUEST POST https://firebaserules.googleapis.com/v1/projects/tesis-unimetbot:test  
 { source: { files: [ [Object] ] } } 
 Wed May 16 2018 16:26:08 GMT-0400 (Venezuela Standard Time)
[debug] [2018-05-16T20:26:08.771Z] <<< HTTP RESPONSE 200
[info] +  storage: rules file storage.rules compiled successfully
[info] i  firestore: checking firestore.rules for compilation errors...
[debug] [2018-05-16T20:26:08.771Z] >>> HTTP REQUEST POST https://firebaserules.googleapis.com/v1/projects/tesis-unimetbot:test  
 { source: { files: [ [Object] ] } } 
 Wed May 16 2018 16:26:08 GMT-0400 (Venezuela Standard Time)
[debug] [2018-05-16T20:26:09.186Z] <<< HTTP RESPONSE 200
[info] +  firestore: rules file firestore.rules compiled successfully
[debug] [2018-05-16T20:26:09.186Z] > [functions] package.json contents: {
  "name": "functions",
  "description": "Cloud Functions for Firebase",
  "scripts": {
    "lint": "eslint .",
    "serve": "firebase serve --only functions",
    "shell": "firebase functions:shell",
    "start": "npm run shell",
    "deploy": "firebase deploy --only functions",
    "logs": "firebase functions:log"
  },
  "dependencies": {
    "firebase-admin": "~5.12.0",
    "firebase-functions": "^1.0.1"
  },
  "devDependencies": {
    "eslint": "^4.12.0",
    "eslint-plugin-promise": "^3.6.0"
  },
  "private": true
}
[info] i  functions: ensuring necessary APIs are enabled...
[debug] [2018-05-16T20:26:09.186Z] >>> HTTP REQUEST GET https://servicemanagement.googleapis.com/v1/services/cloudfunctions.googleapis.com/projectSettings/tesis-unimetbot?view=CONSUMER_VIEW  
  
 Wed May 16 2018 16:26:09 GMT-0400 (Venezuela Standard Time)
[debug] [2018-05-16T20:26:09.186Z] >>> HTTP REQUEST GET https://servicemanagement.googleapis.com/v1/services/runtimeconfig.googleapis.com/projectSettings/tesis-unimetbot?view=CONSUMER_VIEW  
  
 Wed May 16 2018 16:26:09 GMT-0400 (Venezuela Standard Time)
[debug] [2018-05-16T20:26:10.443Z] <<< HTTP RESPONSE 200
[debug] [2018-05-16T20:26:10.609Z] <<< HTTP RESPONSE 200
[info] +  functions: all necessary APIs are enabled
[debug] [2018-05-16T20:26:10.609Z] >>> HTTP REQUEST GET https://cloudresourcemanager.googleapis.com/v1/projects/tesis-unimetbot  
  
 Wed May 16 2018 16:26:10 GMT-0400 (Venezuela Standard Time)
[debug] [2018-05-16T20:26:11.257Z] <<< HTTP RESPONSE 200
[debug] [2018-05-16T20:26:11.257Z] >>> HTTP REQUEST GET https://mobilesdk-pa.googleapis.com/v1/projects/985415581964:getServerAppConfig  
  
 Wed May 16 2018 16:26:11 GMT-0400 (Venezuela Standard Time)
[debug] [2018-05-16T20:26:12.042Z] <<< HTTP RESPONSE 200
[info] i  storage: uploading rules storage.rules...
[debug] [2018-05-16T20:26:12.042Z] >>> HTTP REQUEST POST https://firebaserules.googleapis.com/v1/projects/tesis-unimetbot/rulesets  
 { source: { files: [ [Object] ] } } 
 Wed May 16 2018 16:26:12 GMT-0400 (Venezuela Standard Time)
[debug] [2018-05-16T20:26:12.690Z] <<< HTTP RESPONSE 200
[debug] [2018-05-16T20:26:12.690Z] [rules] created ruleset projects/tesis-unimetbot/rulesets/fa5d64dc-44cd-451b-a320-13e22bc641d7
[info] i  firestore: uploading rules firestore.rules...
[debug] [2018-05-16T20:26:12.690Z] >>> HTTP REQUEST POST https://firebaserules.googleapis.com/v1/projects/tesis-unimetbot/rulesets  
 { source: { files: [ [Object] ] } } 
 Wed May 16 2018 16:26:12 GMT-0400 (Venezuela Standard Time)
[debug] [2018-05-16T20:26:12.690Z] >>> HTTP REQUEST GET https://firestore.googleapis.com/v1beta1/projects/tesis-unimetbot/databases/(default)/indexes  
  
 Wed May 16 2018 16:26:12 GMT-0400 (Venezuela Standard Time)
[debug] [2018-05-16T20:26:13.259Z] <<< HTTP RESPONSE 200
[debug] [2018-05-16T20:26:13.259Z] [rules] created ruleset projects/tesis-unimetbot/rulesets/9f52ecac-f266-43a9-8689-ffd845bb504f
[debug] [2018-05-16T20:26:13.573Z] <<< HTTP RESPONSE 200
[info] i  functions: preparing functions directory for uploading...
[debug] [2018-05-16T20:26:13.573Z] >>> HTTP REQUEST GET https://runtimeconfig.googleapis.com/v1beta1/projects/tesis-unimetbot/configs  
  
 Wed May 16 2018 16:26:13 GMT-0400 (Venezuela Standard Time)
[debug] [2018-05-16T20:26:14.345Z] <<< HTTP RESPONSE 200
[info] i  hosting: preparing build directory for upload...
[debug] [2018-05-16T20:26:14.725Z] >>> HTTP REQUEST PUT https://deploy.firebase.com/v1/hosting/tesis-unimetbot/uploads/-LCecPm_Jv9WNbEVIuhl?fileCount=9&message=  
  
 Wed May 16 2018 16:26:14 GMT-0400 (Venezuela Standard Time)
